<?xml version="1.0" encoding="UTF-8"?>
<testsuite xmlns:xsi="http://www.w3.org/2001/XMLSchema-instance" xsi:noNamespaceSchemaLocation="https://maven.apache.org/surefire/maven-surefire-plugin/xsd/surefire-test-report.xsd" version="3.0.1" name="org.eclipse.osgi.technology.featurelauncher.extensions.hash.checker.BundleHashCheckerTests" time="0.149" tests="11" errors="0" skipped="0" failures="0">
  <properties>
[...]
</properties>
  <testcase name="testSuccessfulValidation(String)[1]" classname="org.eclipse.osgi.technology.featurelauncher.extensions.hash.checker.BundleHashCheckerTests" time="0.034">
    <system-err><![CDATA[SLF4J(W): No SLF4J providers were found.
SLF4J(W): Defaulting to no-operation (NOP) logger implementation
SLF4J(W): See https://www.slf4j.org/codes.html#noProviders for further details.
]]></system-err>
  </testcase>
  <testcase name="testSuccessfulValidation(String)[2]" classname="org.eclipse.osgi.technology.featurelauncher.extensions.hash.checker.BundleHashCheckerTests" time="0.018"/>
  <testcase name="testSuccessfulValidation(String)[3]" classname="org.eclipse.osgi.technology.featurelauncher.extensions.hash.checker.BundleHashCheckerTests" time="0.003"/>
  <testcase name="testSuccessfulValidation(String)[4]" classname="org.eclipse.osgi.technology.featurelauncher.extensions.hash.checker.BundleHashCheckerTests" time="0.018"/>
  <testcase name="testSuccessfulValidation(String)[5]" classname="org.eclipse.osgi.technology.featurelauncher.extensions.hash.checker.BundleHashCheckerTests" time="0.002"/>
  <testcase name="testSuccessfulValidation(String)[6]" classname="org.eclipse.osgi.technology.featurelauncher.extensions.hash.checker.BundleHashCheckerTests" time="0.002"/>
  <testcase name="testSuccessfulRejection(String)[1]" classname="org.eclipse.osgi.technology.featurelauncher.extensions.hash.checker.BundleHashCheckerTests" time="0.007"/>
  <testcase name="testSuccessfulRejection(String)[2]" classname="org.eclipse.osgi.technology.featurelauncher.extensions.hash.checker.BundleHashCheckerTests" time="0.004"/>
  <testcase name="testSuccessfulRejection(String)[3]" classname="org.eclipse.osgi.technology.featurelauncher.extensions.hash.checker.BundleHashCheckerTests" time="0.002"/>
  <testcase name="testSuccessfulRejection(String)[4]" classname="org.eclipse.osgi.technology.featurelauncher.extensions.hash.checker.BundleHashCheckerTests" time="0.002"/>
  <testcase name="testSuccessfulRejection(String)[5]" classname="org.eclipse.osgi.technology.featurelauncher.extensions.hash.checker.BundleHashCheckerTests" time="0.002"/>
</testsuite>